<?xml version="1.0" encoding="UTF-8"?>
<!-- Generated by org.testng.reporters.JUnitXMLReporter -->
<testsuite ignored="0" hostname="DESKTOP-A95O79T" failures="0" tests="12" name="Test" time="210.581" errors="0" timestamp="2024-04-06T19:25:48 IST">
  <testcase classname="TestClasses.FlipkartHomeTest" name="openFlipkart" time="12.59"/>
  <testcase classname="TestClasses.FlipkartHomeTest" name="displayFlipkartMenu" time="8.701"/>
  <testcase classname="TestClasses.SearchResultTest" name="displaySearchContent" time="11.1"/>
  <testcase classname="TestClasses.SearchResultTest" name="displayMaxProductAndTraverse" time="23.09"/>
  <testcase classname="TestClasses.TravelPageTest" name="displayLoginElementsinTravel" time="14.103"/>
  <testcase classname="TestClasses.TravelPageTest" name="verifyInvalidCredentials" time="18.693"/>
  <testcase classname="TestClasses.ElectricVehiclesPageTest" name="clickElectricVehicle" time="12.198"/>
  <testcase classname="TestClasses.ElectricVehiclesPageTest" name="displayMaxPricedElectricVehicle" time="13.332"/>
  <testcase classname="TestClasses.PetrolVehiclesPageTest" name="clickPetrolVehicle" time="11.304"/>
  <testcase classname="TestClasses.PetrolVehiclesPageTest" name="displayMaxPricedPetrolVehicle" time="14.519"/>
  <testcase classname="TestClasses.CartPageTest" name="singleAddToCart" time="20.823"/>
  <testcase classname="TestClasses.CartPageTest" name="multipleAddToCart" time="45.832"/>
</testsuite> <!-- Test -->
